Arguments: 
  /Users/lixiaoyong/.nvm/versions/node/v11.10.0/bin/node /Users/lixiaoyong/.nvm/versions/node/v11.10.0/bin/yarn install

PATH: 
  /Users/lixiaoyong/.nvm/versions/node/v11.10.0/bin:/Library/Frameworks/Python.framework/Versions/3.7/bin:/usr/local/bin:/usr/bin:/bin:/usr/sbin:/sbin

Yarn version: 
  1.15.2

Node version: 
  11.10.0

Platform: 
  darwin x64

Trace: 
  Error: https://registry.npm.taobao.org/error-inject/download/error-inject-1.0.0.tgz: ETIMEDOUT
      at Timeout._onTimeout (/Users/lixiaoyong/.nvm/versions/node/v11.10.0/lib/node_modules/yarn/lib/cli.js:130201:19)
      at listOnTimeout (timers.js:327:15)
      at processTimers (timers.js:271:5)

npm manifest: 
  {
    "name": "blog-koa2",
    "version": "0.1.0",
    "private": true,
    "scripts": {
      "start": "node bin/www",
      "dev": "cross-env NODE_ENV=development ./node_modules/.bin/nodemon bin/www",
      "prd": "cross-env NODE_ENV=production pm2 start bin/www",
      "test": "echo \"Error: no test specified\" && exit 1"
    },
    "dependencies": {
      "debug": "^2.6.3",
      "koa": "^2.2.0",
      "koa-bodyparser": "^3.2.0",
      "koa-convert": "^1.2.0",
      "koa-json": "^2.0.2",
      "koa-logger": "^2.0.1",
      "koa-onerror": "^1.2.1",
      "koa-router": "^7.1.1",
      "koa-static": "^3.0.0",
      "koa-views": "^5.2.1",
      "pug": "^2.0.0-rc.1"
    },
    "devDependencies": {
      "cross-env": "^5.2.0",
      "nodemon": "^1.8.1"
    }
  }

yarn manifest: 
  No manifest

Lockfile: 
  No lockfile
